Using pre-set license
Built from '2020.2/release' branch; Version is '2020.2.1f1 (270dd8c3da1c) revision 2559448'; Using compiler version '192528614'; Build Type 'Release'
OS: 'Windows 10  (10.0.0) 64bit' Language: 'fi' Physical Memory: 32694 MB
BatchMode: 1, IsHumanControllingUs: 0, StartBugReporterOnCrash: 0, Is64bit: 1, IsPro: 0

 COMMAND LINE ARGUMENTS:
E:\UnityInstalls\2020.2.1f1\Editor\Unity.exe
-adb2
-batchMode
-noUpm
-name
AssetImportWorker0
-projectPath
D:/HTGD/solo-practice-sandbox/ArcticFoxtrot/TopDownDemo
-logFile
Logs/AssetImportWorker0.log
-srvPort
54750
Successfully changed project path to: D:/HTGD/solo-practice-sandbox/ArcticFoxtrot/TopDownDemo
D:/HTGD/solo-practice-sandbox/ArcticFoxtrot/TopDownDemo
Using Asset Import Pipeline V2.
Refreshing native plugins compatible for Editor in 26.57 ms, found 1 plugins.
Preloading 0 native plugins for Editor in 0.00 ms.
Initialize engine version: 2020.2.1f1 (270dd8c3da1c)
[Subsystems] Discovering subsystems at path E:/UnityInstalls/2020.2.1f1/Editor/Data/Resources/UnitySubsystems
[Subsystems] Discovering subsystems at path D:/HTGD/solo-practice-sandbox/ArcticFoxtrot/TopDownDemo/Assets
GfxDevice: creating device client; threaded=0
Direct3D:
    Version:  Direct3D 11.0 [level 11.1]
    Renderer: NVIDIA GeForce RTX 2080 (ID=0x1e87)
    Vendor:   
    VRAM:     8010 MB
    Driver:   27.21.14.6109
Initialize mono
Mono path[0] = 'E:/UnityInstalls/2020.2.1f1/Editor/Data/Managed'
Mono path[1] = 'E:/UnityInstalls/2020.2.1f1/Editor/Data/MonoBleedingEdge/lib/mono/unityjit'
Mono config path = 'E:/UnityInstalls/2020.2.1f1/Editor/Data/MonoBleedingEdge/etc'
Using monoOptions --debugger-agent=transport=dt_socket,embedding=1,server=y,suspend=n,address=127.0.0.1:56716
Begin MonoManager ReloadAssembly
Registering precompiled unity dll's ...
Register platform support module: E:/UnityInstalls/2020.2.1f1/Editor/Data/PlaybackEngines/WebGLSupport/UnityEditor.WebGL.Extensions.dll
Register platform support module: E:/UnityInstalls/2020.2.1f1/Editor/Data/PlaybackEngines/WindowsStandaloneSupport/UnityEditor.WindowsStandalone.Extensions.dll
Registered in 0.000916 seconds.
Native extension for WindowsStandalone target not found
Native extension for WebGL target not found
Refreshing native plugins compatible for Editor in 27.32 ms, found 1 plugins.
Preloading 0 native plugins for Editor in 0.00 ms.
Invoked RoslynAnalysisRunner static constructor.
RoslynAnalysisRunner will not be running.
RoslynAnalysisRunner has terminated.
Mono: successfully reloaded assembly
- Completed reload, in  1.404 seconds
Platform modules already initialized, skipping
Registering precompiled user dll's ...
Registered in 0.000546 seconds.
Begin MonoManager ReloadAssembly
Native extension for WindowsStandalone target not found
Native extension for WebGL target not found
Refreshing native plugins compatible for Editor in 29.35 ms, found 1 plugins.
Preloading 0 native plugins for Editor in 0.00 ms.
Invoked RoslynAnalysisRunner static constructor.
RoslynAnalysisRunner will not be running.
RoslynAnalysisRunner has terminated.
Mono: successfully reloaded assembly
- Completed reload, in  0.610 seconds
Platform modules already initialized, skipping
========================================================================
Worker process is ready to serve import requests
Launched and connected shader compiler UnityShaderCompiler.exe after 0.03 seconds
Refreshing native plugins compatible for Editor in 0.38 ms, found 1 plugins.
Preloading 0 native plugins for Editor in 0.00 ms.
Unloading 2083 Unused Serialized files (Serialized files now loaded: 0)
System memory in use before: 94.4 MB.
System memory in use after: 94.3 MB.

Unloading 26 unused Assets to reduce memory usage. Loaded Objects now: 2525.
Total: 2.138500 ms (FindLiveObjects: 0.262800 ms CreateObjectMapping: 0.088200 ms MarkObjects: 1.682400 ms  DeleteObjects: 0.104200 ms)

========================================================================
Received Import Request.
  path: Assets/PlayerControls.inputactions
  artifactKey: Guid(7c69443342f094c4aa444465a3a4ad88) Importer(815301076,1909f56bfc062723c751e8b465ee728b)
Start importing Assets/PlayerControls.inputactions using Guid(7c69443342f094c4aa444465a3a4ad88) Importer(815301076,1909f56bfc062723c751e8b465ee728b)  -> (artifact id: '6ccac87ecc3f7967716dd7a4452abf33') in 0.035946 seconds
  Import took 0.038490 seconds .

========================================================================
Received Import Request.
  Time since last request: 70.197575 seconds.
  path: Assets/InputSystem.inputsettings.asset
  artifactKey: Guid(2d2e58e27e548154f81ee48f55a7a49a) Importer(815301076,1909f56bfc062723c751e8b465ee728b)
Start importing Assets/InputSystem.inputsettings.asset using Guid(2d2e58e27e548154f81ee48f55a7a49a) Importer(815301076,1909f56bfc062723c751e8b465ee728b)  -> (artifact id: '42d3511ed17e3ae8f3837326bf685a8b') in 0.006665 seconds
  Import took 0.009349 seconds .

========================================================================
Received Import Request.
  Time since last request: 0.002057 seconds.
  path: Assets/InputSystem.inputsettings.asset
  artifactKey: Guid(2d2e58e27e548154f81ee48f55a7a49a) Importer(815301076,1909f56bfc062723c751e8b465ee728b)
Start importing Assets/InputSystem.inputsettings.asset using Guid(2d2e58e27e548154f81ee48f55a7a49a) Importer(815301076,1909f56bfc062723c751e8b465ee728b)  -> (artifact id: '42d3511ed17e3ae8f3837326bf685a8b') in 0.001145 seconds
  Import took 0.003166 seconds .

========================================================================
Received Import Request.
  Time since last request: 290.277395 seconds.
  path: Assets/PlayerControls.inputactions
  artifactKey: Guid(7c69443342f094c4aa444465a3a4ad88) Importer(815301076,1909f56bfc062723c751e8b465ee728b)
Start importing Assets/PlayerControls.inputactions using Guid(7c69443342f094c4aa444465a3a4ad88) Importer(815301076,1909f56bfc062723c751e8b465ee728b)  -> (artifact id: 'e5aaf9afaa50cd104473ff4a7d087010') in 0.003125 seconds
  Import took 0.006008 seconds .

AssetImportWorkerClient::OnTransportError - code=2 error=End of file
